build/app/intermediates/manifest_merge_blame_file/debug/manifest-merger-blame-debug-report.txt
1<?xml version="1.0" encoding="utf-8"?>
2<manifest xmlns:android="http://schemas.android.com/apk/res/android"
3    package="com.example.kayamaza"
4    android:versionCode="1"
5    android:versionName="1.0.0" >
6
7    <uses-sdk
8        android:minSdkVersion="21"
9        android:targetSdkVersion="34" />
10    <!--
11         The INTERNET permission is required for development. Specifically,
12         the Flutter tool needs it to communicate with the running application
13         to allow setting breakpoints, to provide hot reload, etc.
14    -->
15    <uses-permission android:name="android.permission.INTERNET" />
15-->src/debug/AndroidManifest.xml:6:5-66
15-->src/debug/AndroidManifest.xml:6:22-64
16
17    <queries>
17-->src/main/AndroidManifest.xml:30:5-35:15
18        <intent>
18-->src/main/AndroidManifest.xml:31:9-34:18
19            <action android:name="android.intent.action.PROCESS_TEXT" />
19-->src/main/AndroidManifest.xml:32:13-72
19-->src/main/AndroidManifest.xml:32:21-70
20
21            <data android:mimeType="text/plain" />
21-->src/main/AndroidManifest.xml:33:13-50
21-->src/main/AndroidManifest.xml:33:19-48
22        </intent>
23    </queries>
24
25    <uses-permission android:name="android.permission.ACCESS_NETWORK_STATE" />
25-->[com.google.firebase:firebase-auth:22.3.1] AndroidManifest.xml:26:5-79
25-->[com.google.firebase:firebase-auth:22.3.1] AndroidManifest.xml:26:22-76
26    <uses-permission android:name="com.google.android.providers.gsf.permission.READ_GSERVICES" />
26-->[com.google.android.recaptcha:recaptcha:18.4.0] AndroidManifest.xml:9:5-98
26-->[com.google.android.recaptcha:recaptcha:18.4.0] AndroidManifest.xml:9:22-95
27
28    <permission
28-->[androidx.core:core:1.13.1] AndroidManifest.xml:22:5-24:47
29        android:name="com.example.kayamaza.DYNAMIC_RECEIVER_NOT_EXPORTED_PERMISSION"
29-->[androidx.core:core:1.13.1] AndroidManifest.xml:23:9-81
30        android:protectionLevel="signature" />
30-->[androidx.core:core:1.13.1] AndroidManifest.xml:24:9-44
31
32    <uses-permission android:name="com.example.kayamaza.DYNAMIC_RECEIVER_NOT_EXPORTED_PERMISSION" />
32-->[androidx.core:core:1.13.1] AndroidManifest.xml:26:5-97
32-->[androidx.core:core:1.13.1] AndroidManifest.xml:26:22-94
33
34    <application
35        android:name="android.app.Application"
36        android:appComponentFactory="androidx.core.app.CoreComponentFactory"
36-->[androidx.core:core:1.13.1] AndroidManifest.xml:28:18-86
37        android:debuggable="true"
38        android:extractNativeLibs="true"
39        android:icon="@mipmap/ic_launcher"
40        android:label="kayamaza" >
41        <activity
42            android:name="com.example.kayamaza.MainActivity"
43            android:configChanges="orientation|keyboardHidden|keyboard|screenSize|smallestScreenSize|locale|layoutDirection|fontScale|screenLayout|density|uiMode"
44            android:exported="true"
45            android:hardwareAccelerated="true"
46            android:launchMode="singleTop"
47            android:taskAffinity=""
48            android:theme="@style/LaunchTheme"
49            android:windowSoftInputMode="adjustResize" >
50            <meta-data
51                android:name="io.flutter.embedding.android.NormalTheme"
52                android:resource="@style/NormalTheme" />
53
54            <intent-filter>
55                <action android:name="android.intent.action.MAIN" />
56
57                <category android:name="android.intent.category.LAUNCHER" />
58            </intent-filter>
59        </activity>
60
61        <meta-data
62            android:name="flutterEmbedding"
63            android:value="2" />
64
65        <service
65-->[:firebase_auth] AndroidManifest.xml:8:9-12:19
66            android:name="com.google.firebase.components.ComponentDiscoveryService"
66-->[:firebase_auth] AndroidManifest.xml:8:18-89
67            android:directBootAware="true"
67-->[com.google.firebase:firebase-common:20.4.3] AndroidManifest.xml:32:13-43
68            android:exported="false" >
68-->[com.google.firebase:firebase-auth:22.3.1] AndroidManifest.xml:68:13-37
69            <meta-data
69-->[:firebase_auth] AndroidManifest.xml:9:13-11:85
70                android:name="com.google.firebase.components:io.flutter.plugins.firebase.auth.FlutterFirebaseAuthRegistrar"
70-->[:firebase_auth] AndroidManifest.xml:10:17-124
71                android:value="com.google.firebase.components.ComponentRegistrar" />
71-->[:firebase_auth] AndroidManifest.xml:11:17-82
72            <meta-data
72-->[:firebase_core] AndroidManifest.xml:9:13-11:85
73                android:name="com.google.firebase.components:io.flutter.plugins.firebase.core.FlutterFirebaseCoreRegistrar"
73-->[:firebase_core] AndroidManifest.xml:10:17-124
74                android:value="com.google.firebase.components.ComponentRegistrar" />
74-->[:firebase_core] AndroidManifest.xml:11:17-82
75            <meta-data
75-->[com.google.firebase:firebase-auth:22.3.1] AndroidManifest.xml:69:13-71:85
76                android:name="com.google.firebase.components:com.google.firebase.auth.FirebaseAuthRegistrar"
76-->[com.google.firebase:firebase-auth:22.3.1] AndroidManifest.xml:70:17-109
77                android:value="com.google.firebase.components.ComponentRegistrar" />
77-->[com.google.firebase:firebase-auth:22.3.1] AndroidManifest.xml:71:17-82
78            <meta-data
78-->[com.google.firebase:firebase-common-ktx:20.4.3] AndroidManifest.xml:12:13-14:85
79                android:name="com.google.firebase.components:com.google.firebase.ktx.FirebaseCommonLegacyRegistrar"
79-->[com.google.firebase:firebase-common-ktx:20.4.3] AndroidManifest.xml:13:17-116
80                android:value="com.google.firebase.components.ComponentRegistrar" />
80-->[com.google.firebase:firebase-common-ktx:20.4.3] AndroidManifest.xml:14:17-82
81            <meta-data
81-->[com.google.firebase:firebase-common:20.4.3] AndroidManifest.xml:35:13-37:85
82                android:name="com.google.firebase.components:com.google.firebase.FirebaseCommonKtxRegistrar"
82-->[com.google.firebase:firebase-common:20.4.3] AndroidManifest.xml:36:17-109
83                android:value="com.google.firebase.components.ComponentRegistrar" />
83-->[com.google.firebase:firebase-common:20.4.3] AndroidManifest.xml:37:17-82
84        </service>
85
86        <activity
86-->[com.google.firebase:firebase-auth:22.3.1] AndroidManifest.xml:29:9-46:20
87            android:name="com.google.firebase.auth.internal.GenericIdpActivity"
87-->[com.google.firebase:firebase-auth:22.3.1] AndroidManifest.xml:30:13-80
88            android:excludeFromRecents="true"
88-->[com.google.firebase:firebase-auth:22.3.1] AndroidManifest.xml:31:13-46
89            android:exported="true"
89-->[com.google.firebase:firebase-auth:22.3.1] AndroidManifest.xml:32:13-36
90            android:launchMode="singleTask"
90-->[com.google.firebase:firebase-auth:22.3.1] AndroidManifest.xml:33:13-44
91            android:theme="@android:style/Theme.Translucent.NoTitleBar" >
91-->[com.google.firebase:firebase-auth:22.3.1] AndroidManifest.xml:34:13-72
92            <intent-filter>
92-->[com.google.firebase:firebase-auth:22.3.1] AndroidManifest.xml:35:13-45:29
93                <action android:name="android.intent.action.VIEW" />
93-->[com.google.firebase:firebase-auth:22.3.1] AndroidManifest.xml:36:17-69
93-->[com.google.firebase:firebase-auth:22.3.1] AndroidManifest.xml:36:25-66
94
95                <category android:name="android.intent.category.DEFAULT" />
95-->[com.google.firebase:firebase-auth:22.3.1] AndroidManifest.xml:38:17-76
95-->[com.google.firebase:firebase-auth:22.3.1] AndroidManifest.xml:38:27-73
96                <category android:name="android.intent.category.BROWSABLE" />
96-->[com.google.firebase:firebase-auth:22.3.1] AndroidManifest.xml:39:17-78
96-->[com.google.firebase:firebase-auth:22.3.1] AndroidManifest.xml:39:27-75
97
98                <data
98-->src/main/AndroidManifest.xml:33:13-50
99                    android:host="firebase.auth"
100                    android:path="/"
101                    android:scheme="genericidp" />
102            </intent-filter>
103        </activity>
104        <activity
104-->[com.google.firebase:firebase-auth:22.3.1] AndroidManifest.xml:47:9-64:20
105            android:name="com.google.firebase.auth.internal.RecaptchaActivity"
105-->[com.google.firebase:firebase-auth:22.3.1] AndroidManifest.xml:48:13-79
106            android:excludeFromRecents="true"
106-->[com.google.firebase:firebase-auth:22.3.1] AndroidManifest.xml:49:13-46
107            android:exported="true"
107-->[com.google.firebase:firebase-auth:22.3.1] AndroidManifest.xml:50:13-36
108            android:launchMode="singleTask"
108-->[com.google.firebase:firebase-auth:22.3.1] AndroidManifest.xml:51:13-44
109            android:theme="@android:style/Theme.Translucent.NoTitleBar" >
109-->[com.google.firebase:firebase-auth:22.3.1] AndroidManifest.xml:52:13-72
110            <intent-filter>
110-->[com.google.firebase:firebase-auth:22.3.1] AndroidManifest.xml:53:13-63:29
111                <action android:name="android.intent.action.VIEW" />
111-->[com.google.firebase:firebase-auth:22.3.1] AndroidManifest.xml:36:17-69
111-->[com.google.firebase:firebase-auth:22.3.1] AndroidManifest.xml:36:25-66
112
113                <category android:name="android.intent.category.DEFAULT" />
113-->[com.google.firebase:firebase-auth:22.3.1] AndroidManifest.xml:38:17-76
113-->[com.google.firebase:firebase-auth:22.3.1] AndroidManifest.xml:38:27-73
114                <category android:name="android.intent.category.BROWSABLE" />
114-->[com.google.firebase:firebase-auth:22.3.1] AndroidManifest.xml:39:17-78
114-->[com.google.firebase:firebase-auth:22.3.1] AndroidManifest.xml:39:27-75
115
116                <data
116-->src/main/AndroidManifest.xml:33:13-50
117                    android:host="firebase.auth"
118                    android:path="/"
119                    android:scheme="recaptcha" />
120            </intent-filter>
121        </activity>
122        <activity
122-->[com.google.android.gms:play-services-auth:21.0.0] AndroidManifest.xml:23:9-27:75
123            android:name="com.google.android.gms.auth.api.signin.internal.SignInHubActivity"
123-->[com.google.android.gms:play-services-auth:21.0.0] AndroidManifest.xml:24:13-93
124            android:excludeFromRecents="true"
124-->[com.google.android.gms:play-services-auth:21.0.0] AndroidManifest.xml:25:13-46
125            android:exported="false"
125-->[com.google.android.gms:play-services-auth:21.0.0] AndroidManifest.xml:26:13-37
126            android:theme="@android:style/Theme.Translucent.NoTitleBar" />
126-->[com.google.android.gms:play-services-auth:21.0.0] AndroidManifest.xml:27:13-72
127        <!--
128            Service handling Google Sign-In user revocation. For apps that do not integrate with
129            Google Sign-In, this service will never be started.
130        -->
131        <service
131-->[com.google.android.gms:play-services-auth:21.0.0] AndroidManifest.xml:33:9-37:51
132            android:name="com.google.android.gms.auth.api.signin.RevocationBoundService"
132-->[com.google.android.gms:play-services-auth:21.0.0] AndroidManifest.xml:34:13-89
133            android:exported="true"
133-->[com.google.android.gms:play-services-auth:21.0.0] AndroidManifest.xml:35:13-36
134            android:permission="com.google.android.gms.auth.api.signin.permission.REVOCATION_NOTIFICATION"
134-->[com.google.android.gms:play-services-auth:21.0.0] AndroidManifest.xml:36:13-107
135            android:visibleToInstantApps="true" />
135-->[com.google.android.gms:play-services-auth:21.0.0] AndroidManifest.xml:37:13-48
136
137        <activity
137-->[com.google.android.gms:play-services-base:18.0.1] AndroidManifest.xml:20:9-22:45
138            android:name="com.google.android.gms.common.api.GoogleApiActivity"
138-->[com.google.android.gms:play-services-base:18.0.1] AndroidManifest.xml:20:19-85
139            android:exported="false"
139-->[com.google.android.gms:play-services-base:18.0.1] AndroidManifest.xml:22:19-43
140            android:theme="@android:style/Theme.Translucent.NoTitleBar" />
140-->[com.google.android.gms:play-services-base:18.0.1] AndroidManifest.xml:21:19-78
141
142        <provider
142-->[com.google.firebase:firebase-common:20.4.3] AndroidManifest.xml:23:9-28:39
143            android:name="com.google.firebase.provider.FirebaseInitProvider"
143-->[com.google.firebase:firebase-common:20.4.3] AndroidManifest.xml:24:13-77
144            android:authorities="com.example.kayamaza.firebaseinitprovider"
144-->[com.google.firebase:firebase-common:20.4.3] AndroidManifest.xml:25:13-72
145            android:directBootAware="true"
145-->[com.google.firebase:firebase-common:20.4.3] AndroidManifest.xml:26:13-43
146            android:exported="false"
146-->[com.google.firebase:firebase-common:20.4.3] AndroidManifest.xml:27:13-37
147            android:initOrder="100" />
147-->[com.google.firebase:firebase-common:20.4.3] AndroidManifest.xml:28:13-36
148
149        <uses-library
149-->[androidx.window:window:1.2.0] AndroidManifest.xml:23:9-25:40
150            android:name="androidx.window.extensions"
150-->[androidx.window:window:1.2.0] AndroidManifest.xml:24:13-54
151            android:required="false" />
151-->[androidx.window:window:1.2.0] AndroidManifest.xml:25:13-37
152        <uses-library
152-->[androidx.window:window:1.2.0] AndroidManifest.xml:26:9-28:40
153            android:name="androidx.window.sidecar"
153-->[androidx.window:window:1.2.0] AndroidManifest.xml:27:13-51
154            android:required="false" />
154-->[androidx.window:window:1.2.0] AndroidManifest.xml:28:13-37
155
156        <meta-data
156-->[com.google.android.gms:play-services-basement:18.3.0] AndroidManifest.xml:21:9-23:69
157            android:name="com.google.android.gms.version"
157-->[com.google.android.gms:play-services-basement:18.3.0] AndroidManifest.xml:22:13-58
158            android:value="@integer/google_play_services_version" />
158-->[com.google.android.gms:play-services-basement:18.3.0] AndroidManifest.xml:23:13-66
159
160        <provider
160-->[androidx.lifecycle:lifecycle-process:2.7.0] AndroidManifest.xml:24:9-32:20
161            android:name="androidx.startup.InitializationProvider"
161-->[androidx.lifecycle:lifecycle-process:2.7.0] AndroidManifest.xml:25:13-67
162            android:authorities="com.example.kayamaza.androidx-startup"
162-->[androidx.lifecycle:lifecycle-process:2.7.0] AndroidManifest.xml:26:13-68
163            android:exported="false" >
163-->[androidx.lifecycle:lifecycle-process:2.7.0] AndroidManifest.xml:27:13-37
164            <meta-data
164-->[androidx.lifecycle:lifecycle-process:2.7.0] AndroidManifest.xml:29:13-31:52
165                android:name="androidx.lifecycle.ProcessLifecycleInitializer"
165-->[androidx.lifecycle:lifecycle-process:2.7.0] AndroidManifest.xml:30:17-78
166                android:value="androidx.startup" />
166-->[androidx.lifecycle:lifecycle-process:2.7.0] AndroidManifest.xml:31:17-49
167            <meta-data
167-->[androidx.profileinstaller:profileinstaller:1.3.1] AndroidManifest.xml:29:13-31:52
168                android:name="androidx.profileinstaller.ProfileInstallerInitializer"
168-->[androidx.profileinstaller:profileinstaller:1.3.1] AndroidManifest.xml:30:17-85
169                android:value="androidx.startup" />
169-->[androidx.profileinstaller:profileinstaller:1.3.1] AndroidManifest.xml:31:17-49
170        </provider>
171
172        <receiver
172-->[androidx.profileinstaller:profileinstaller:1.3.1] AndroidManifest.xml:34:9-52:20
173            android:name="androidx.profileinstaller.ProfileInstallReceiver"
173-->[androidx.profileinstaller:profileinstaller:1.3.1] AndroidManifest.xml:35:13-76
174            android:directBootAware="false"
174-->[androidx.profileinstaller:profileinstaller:1.3.1] AndroidManifest.xml:36:13-44
175            android:enabled="true"
175-->[androidx.profileinstaller:profileinstaller:1.3.1] AndroidManifest.xml:37:13-35
176            android:exported="true"
176-->[androidx.profileinstaller:profileinstaller:1.3.1] AndroidManifest.xml:38:13-36
177            android:permission="android.permission.DUMP" >
177-->[androidx.profileinstaller:profileinstaller:1.3.1] AndroidManifest.xml:39:13-57
178            <intent-filter>
178-->[androidx.profileinstaller:profileinstaller:1.3.1] AndroidManifest.xml:40:13-42:29
179                <action android:name="androidx.profileinstaller.action.INSTALL_PROFILE" />
179-->[androidx.profileinstaller:profileinstaller:1.3.1] AndroidManifest.xml:41:17-91
179-->[androidx.profileinstaller:profileinstaller:1.3.1] AndroidManifest.xml:41:25-88
180            </intent-filter>
181            <intent-filter>
181-->[androidx.profileinstaller:profileinstaller:1.3.1] AndroidManifest.xml:43:13-45:29
182                <action android:name="androidx.profileinstaller.action.SKIP_FILE" />
182-->[androidx.profileinstaller:profileinstaller:1.3.1] AndroidManifest.xml:44:17-85
182-->[androidx.profileinstaller:profileinstaller:1.3.1] AndroidManifest.xml:44:25-82
183            </intent-filter>
184            <intent-filter>
184-->[androidx.profileinstaller:profileinstaller:1.3.1] AndroidManifest.xml:46:13-48:29
185                <action android:name="androidx.profileinstaller.action.SAVE_PROFILE" />
185-->[androidx.profileinstaller:profileinstaller:1.3.1] AndroidManifest.xml:47:17-88
185-->[androidx.profileinstaller:profileinstaller:1.3.1] AndroidManifest.xml:47:25-85
186            </intent-filter>
187            <intent-filter>
187-->[androidx.profileinstaller:profileinstaller:1.3.1] AndroidManifest.xml:49:13-51:29
188                <action android:name="androidx.profileinstaller.action.BENCHMARK_OPERATION" />
188-->[androidx.profileinstaller:profileinstaller:1.3.1] AndroidManifest.xml:50:17-95
188-->[androidx.profileinstaller:profileinstaller:1.3.1] AndroidManifest.xml:50:25-92
189            </intent-filter>
190        </receiver>
191    </application>
192
193</manifest>